<?xml version="1.0" encoding="UTF-8"?>
<!-- Generated by org.testng.reporters.JUnitReportReporter -->
<testsuite hostname="DESKTOP-S2QR9LR" failures="0" tests="1" name="restassuredcrudtests.PostRequest" time="1.611" errors="0" timestamp="2023-09-04T16:02:34 CEST" skipped="0">
  <testcase classname="restassuredcrudtests.PostRequest" name="PostBDDExample" time="1.611"/>
</testsuite> <!-- restassuredcrudtests.PostRequest -->
